Starting batch submission of 20 tdmpc2 jobs...
==============================================
Submitting Baseline jobs...
Submitted batch job 5966
  - Submitted: job_baseline_seed0.sh
Submitted batch job 5967
  - Submitted: job_baseline_seed1.sh
Submitted batch job 5968
  - Submitted: job_baseline_seed2.sh
Submitted batch job 5969
  - Submitted: job_baseline_seed3.sh
Submitted batch job 5970
  - Submitted: job_baseline_seed4.sh
Submitting DR jobs...
Submitted batch job 5971
  - Submitted: job_dr_seed0.sh
Submitted batch job 5972
  - Submitted: job_dr_seed1.sh
Submitted batch job 5973
  - Submitted: job_dr_seed2.sh
Submitted batch job 5974
  - Submitted: job_dr_seed3.sh
Submitted batch job 5975
  - Submitted: job_dr_seed4.sh
Submitting Oracle jobs...
Submitted batch job 5976
  - Submitted: job_oracle_seed0.sh
Submitted batch job 5977
  - Submitted: job_oracle_seed1.sh
Submitted batch job 5978
  - Submitted: job_oracle_seed2.sh
Submitted batch job 5979
  - Submitted: job_oracle_seed3.sh
Submitted batch job 5980
  - Submitted: job_oracle_seed4.sh
Submitting Model C jobs...
Submitted batch job 5981
  - Submitted: job_modelc_seed0.sh
Submitted batch job 5982
  - Submitted: job_modelc_seed1.sh
Submitted batch job 5983
  - Submitted: job_modelc_seed2.sh
Submitted batch job 5984
  - Submitted: job_modelc_seed3.sh
Submitted batch job 5985
  - Submitted: job_modelc_seed4.sh
==============================================
All 20 jobs submitted successfully!

Check job status with:
  squeue -u shiga-t

Monitor specific job:
  tail -f logs/tdmpc2-<model>-seed<N>-<jobid>.out
